Start testing: Mar 29 23:17 -03
----------------------------------------------------------
1/1 Testing: testGrafoMatrizAdj
1/1 Test: testGrafoMatrizAdj
Command: "/media/jhonat/Home/documentos/UFRN/9-semestres-engcomp/ALGORITMOS E ESTRUTURAS DE DADOS II/2_unidade/data-structure/grafos-trabalho/build/test/testGrafoMatrizAdj"
Directory: /media/jhonat/Home/documentos/UFRN/9-semestres-engcomp/ALGORITMOS E ESTRUTURAS DE DADOS II/2_unidade/data-structure/grafos-trabalho/build/test
"testGrafoMatrizAdj" start time: Mar 29 23:17 -03
Output:
----------------------------------------------------------
Running main() from /media/jhonat/Home/documentos/UFRN/9-semestres-engcomp/ALGORITMOS E ESTRUTURAS DE DADOS II/2_unidade/data-structure/grafos-trabalho/googletest/googletest/src/gtest_main.cc
[==========] Running 5 tests from 1 test suite.
[----------] Global test environment set-up.
[----------] 5 tests from GrafoMatrizAdjTest
[ RUN      ] GrafoMatrizAdjTest.InsercaoVerticeGrafo
[       OK ] GrafoMatrizAdjTest.InsercaoVerticeGrafo (0 ms)
[ RUN      ] GrafoMatrizAdjTest.ObterVerticeExistente
[       OK ] GrafoMatrizAdjTest.ObterVerticeExistente (0 ms)
[ RUN      ] GrafoMatrizAdjTest.ObterVerticeInexistente
[       OK ] GrafoMatrizAdjTest.ObterVerticeInexistente (0 ms)
[ RUN      ] GrafoMatrizAdjTest.InserirArestasSemPeso
[       OK ] GrafoMatrizAdjTest.InserirArestasSemPeso (0 ms)
[ RUN      ] GrafoMatrizAdjTest.InserirArestasComPeso
[       OK ] GrafoMatrizAdjTest.InserirArestasComPeso (0 ms)
[----------] 5 tests from GrafoMatrizAdjTest (0 ms total)

[----------] Global test environment tear-down
[==========] 5 tests from 1 test suite ran. (0 ms total)
[  PASSED  ] 5 tests.
<end of output>
Test time =   0.03 sec
----------------------------------------------------------
Test Passed.
"testGrafoMatrizAdj" end time: Mar 29 23:17 -03
"testGrafoMatrizAdj" time elapsed: 00:00:00
----------------------------------------------------------

End testing: Mar 29 23:17 -03
