<?xml version="1.0" encoding="UTF-8"?>
<Site BuildName="(empty)"
	BuildStamp="20210330-0045-Experimental"
	Name="(empty)"
	Generator="ctest-3.16.3"
	CompilerName=""
	CompilerVersion=""
	OSName="Linux"
	Hostname="itrack"
	OSRelease="5.8.0-48-generic"
	OSVersion="#54~20.04.1-Ubuntu SMP Sat Mar 20 13:40:25 UTC 2021"
	OSPlatform="x86_64"
	Is64Bits="1"
	VendorString="GenuineIntel"
	VendorID="Intel Corporation"
	FamilyID="6"
	ModelID="58"
	ProcessorCacheSize="3072"
	NumberOfLogicalCPU="4"
	NumberOfPhysicalCPU="2"
	TotalVirtualMemory="9268"
	TotalPhysicalMemory="5842"
	LogicalProcessorsPerPhysical="2"
	ProcessorClockFrequency="2494.13"
	>
	<Testing>
		<StartDateTime>Mar 29 23:17 -03</StartDateTime>
		<StartTestTime>1617070639</StartTestTime>
		<TestList>
			<Test>./test/testGrafoMatrizAdj</Test>
		</TestList>
		<Test Status="passed">
			<Name>testGrafoMatrizAdj</Name>
			<Path>./test</Path>
			<FullName>./test/testGrafoMatrizAdj</FullName>
			<FullCommandLine>/media/jhonat/Home/documentos/UFRN/9-semestres-engcomp/ALGORITMOS\ E\ ESTRUTURAS\ DE\ DADOS\ II/2_unidade/data-structure/grafos-trabalho/build/test/testGrafoMatrizAdj</FullCommandLine>
			<Results>
				<NamedMeasurement type="numeric/double" name="Execution Time">
					<Value>0.0271944</Value>
				</NamedMeasurement>
				<NamedMeasurement type="numeric/double" name="Processors">
					<Value>1</Value>
				</NamedMeasurement>
				<NamedMeasurement type="text/string" name="Completion Status">
					<Value>Completed</Value>
				</NamedMeasurement>
				<NamedMeasurement type="text/string" name="Command Line">
					<Value>/media/jhonat/Home/documentos/UFRN/9-semestres-engcomp/ALGORITMOS\ E\ ESTRUTURAS\ DE\ DADOS\ II/2_unidade/data-structure/grafos-trabalho/build/test/testGrafoMatrizAdj</Value>
				</NamedMeasurement>
				<Measurement>
					<Value encoding="base64" compression="gzip">eJydk8Fu2zAMhu9+Ch6bg6222A477GAsWWZsbQbH2SUICkVibBWWGEh02+3pJ9tBkBUFmoUnSuTHnxSosnPOuBqsNO5qAjtPFoRFbaR4bMhJFt/IotCkOouOKYjV1/JefEoDWgzsMaToakV2L/If80VZVHeLJcxgtqzKVbUq8yVMZzDNp/G2KMTtQ+eMljpWlCzTWKBT3HkUtZc7Cil7uZVtQ6ImqlvkKHHqBq9E3XsPfb+ZUsn689E2UB6G+Qh9ThinuRkOEDrDmCXr9GgbmLcU1cY4uifjyfVDQkBOu/2r5H+Kzvt27yR78yfXj1UMJGsoV/cw2OaNeFa4gF5J+oWejcIhI0KjLb6fD8HVNdgweVdwsWX0B3D2YgLH0fBdxTepSyQLhxeJnnDnyg6vZHwet5FlWKL9ieHMt31NXSb5hS6RPFBHyf/YtpEBJpbtJDlvqxmlTzU9u9NPk2VZUjUIfUdAO+DoDyR1vO8YnmWIMUtPqCEYpxBMrPqiEHUYk5uINtTqnr65vv0A29+xQJb8BZhFcxw=</Value>
				</Measurement>
			</Results>
		</Test>
		<EndDateTime>Mar 29 23:17 -03</EndDateTime>
		<EndTestTime>1617070639</EndTestTime>
		<ElapsedMinutes>0</ElapsedMinutes>
	</Testing>
</Site>
